<?xml version="1.0" encoding="UTF-8"?>
<!-- Generated by org.testng.reporters.JUnitReportReporter -->
<testsuite hostname="DESKTOP-IEHN5CK" failures="0" tests="3" name="Selenium4.selenium4feature" time="7.143" errors="0" timestamp="2022-05-27T12:14:13 IST" skipped="2">
  <testcase classname="Selenium4.selenium4feature" name="OpenNewTeb" time="7.143"/>
  <system-out/>
  <testcase classname="Selenium4.selenium4feature" name="OpenNewWindow">
    <skipped/>
  </testcase> <!-- OpenNewWindow -->
  <system-out/>
  <testcase classname="Selenium4.selenium4feature" name="screenshotTest">
    <skipped/>
  </testcase> <!-- screenshotTest -->
  <system-out/>
</testsuite> <!-- Selenium4.selenium4feature -->
